<?xml version="1.0" encoding="UTF-8"?>
<!-- Generated by org.testng.reporters.JUnitReportReporter -->
<testsuite hostname="LAPTOP-SHARIF" failures="0" tests="1" name="hw_selenium_method.HW15_Q2_test_url_by_partialLinkText_locator" time="3.299" errors="0" timestamp="2022-03-22T19:15:59 EDT" skipped="0">
  <testcase classname="hw_selenium_method.HW15_Q2_test_url_by_partialLinkText_locator" name="currentTeammemberTest" time="3.299"/>
  <system-out/>
</testsuite> <!-- hw_selenium_method.HW15_Q2_test_url_by_partialLinkText_locator -->
