<?xml version="1.0" encoding="UTF-8"?>
<!-- Generated by org.testng.reporters.JUnitReportReporter -->
<testsuite hostname="LAPTOP-SHARIF" failures="0" tests="1" name="hw_selenium_method.HW15_Q2_test_url_by_linkText_locator" time="3.248" errors="0" timestamp="2022-03-22T19:09:33 EDT" skipped="0">
  <testcase classname="hw_selenium_method.HW15_Q2_test_url_by_linkText_locator" name="currentTeamMembersTest" time="3.248"/>
  <system-out/>
</testsuite> <!-- hw_selenium_method.HW15_Q2_test_url_by_linkText_locator -->
