<?xml version="1.0" encoding="UTF-8"?>
<!-- Generated by org.testng.reporters.JUnitReportReporter -->
<testsuite hostname="LAPTOP-SHARIF" failures="0" tests="3" name="seliniumMethod.HW_Q2_testUrl_by_cssSelector_locator_using_id" time="29.079" errors="0" timestamp="2022-03-19T03:29:49 EDT" skipped="0">
  <testcase classname="seliniumMethod.HW_Q2_testUrl_by_cssSelector_locator_using_id" name="amazonLogoTest" time="18.707"/>
  <system-out/>
  <testcase classname="seliniumMethod.HW_Q2_testUrl_by_cssSelector_locator_using_id" name="helloSelectYourAddressTest" time="5.216"/>
  <system-out/>
  <testcase classname="seliniumMethod.HW_Q2_testUrl_by_cssSelector_locator_using_id" name="usaFlagTest" time="5.156"/>
  <system-out/>
</testsuite> <!-- seliniumMethod.HW_Q2_testUrl_by_cssSelector_locator_using_id -->
