<?xml version="1.0" encoding="UTF-8"?>
<!-- Generated by org.testng.reporters.JUnitReportReporter -->
<testsuite hostname="LAPTOP-SHARIF" failures="0" tests="1" name="seliniumMethod.B_use_of_get_method" time="7.582" errors="0" timestamp="2022-02-17T13:34:40 EST" skipped="0">
  <testcase classname="seliniumMethod.B_use_of_get_method" name="loginButtonTest" time="7.582"/>
  <system-out/>
</testsuite> <!-- seliniumMethod.B_use_of_get_method -->
