<?xml version="1.0" encoding="UTF-8"?>
<!-- Generated by org.testng.reporters.JUnitReportReporter -->
<testsuite hostname="LAPTOP-SHARIF" failures="0" tests="1" name="hw_selenium_method.HW_15_Q2_use_of_click_method_by_id_locator" time="6.223" errors="0" timestamp="2022-03-22T13:15:31 EDT" skipped="0">
  <testcase classname="hw_selenium_method.HW_15_Q2_use_of_click_method_by_id_locator" name="searchButtonTest" time="6.223"/>
  <system-out/>
</testsuite> <!-- hw_selenium_method.HW_15_Q2_use_of_click_method_by_id_locator -->
