<?xml version="1.0" encoding="UTF-8"?>
<!-- Generated by org.testng.reporters.JUnitReportReporter -->
<testsuite hostname="LAPTOP-SHARIF" failures="0" tests="1" name="seliniumMethod.HW_Q2_testUrl_by_cssSelector_locator_using_class" time="5.195" errors="0" timestamp="2022-03-19T02:50:33 EDT" skipped="0">
  <testcase classname="seliniumMethod.HW_Q2_testUrl_by_cssSelector_locator_using_class" name="helloSelectYourAddressTest" time="5.195"/>
  <system-out/>
</testsuite> <!-- seliniumMethod.HW_Q2_testUrl_by_cssSelector_locator_using_class -->
