<?xml version="1.0" encoding="UTF-8"?>
<!-- Generated by org.testng.reporters.JUnitReportReporter -->
<testsuite hostname="LAPTOP-SHARIF" failures="0" tests="1" name="hw_selenium_method.HW15_Q2_test_url_by_class_locator" time="4.076" errors="0" timestamp="2022-03-22T13:42:33 EDT" skipped="0">
  <testcase classname="hw_selenium_method.HW15_Q2_test_url_by_class_locator" name="searchButtonTest" time="4.076"/>
  <system-out/>
</testsuite> <!-- hw_selenium_method.HW15_Q2_test_url_by_class_locator -->
