<?xml version="1.0" encoding="UTF-8"?>
<!-- Generated by org.testng.reporters.JUnitReportReporter -->
<testsuite hostname="LAPTOP-SHARIF" failures="0" tests="1" name="seliniumMethod.B_use_of_get_method_firefoxDriver" time="0.598" errors="0" timestamp="2022-03-23T02:52:20 EDT" skipped="0">
  <testcase classname="seliniumMethod.B_use_of_get_method_firefoxDriver" name="loginButtonTest" time="0.598"/>
  <system-out/>
</testsuite> <!-- seliniumMethod.B_use_of_get_method_firefoxDriver -->
